Command: python3 "C:\xampp\htdocs\summarizer\php/summarize_file.py" "../Uploads/12_Rasgele EriÅŸim BelleÄŸi RAM.pdf" 2>&1
Output: Python was not found; run without arguments to install from the Microsoft Store, or disable this shortcut from Settings > Apps > Advanced app settings > App execution aliases.

Command: python3 "C:\xampp\htdocs\summarizer\php/summarize_file.py" "../Uploads/Hafta11 (1).docx" 2>&1
Output: Python was not found; run without arguments to install from the Microsoft Store, or disable this shortcut from Settings > Apps > Advanced app settings > App execution aliases.

Command: python3 "C:\xampp\htdocs\summarizer\php/summarize_file.py" "../Uploads/12_Rasgele EriÅŸim BelleÄŸi RAM.pdf" 2>&1
Output: Python was not found; run without arguments to install from the Microsoft Store, or disable this shortcut from Settings > Apps > Advanced app settings > App execution aliases.

Command: python "C:\xampp\htdocs\summarizer/summarize_file.py" "../Uploads/12_Rasgele EriÅŸim BelleÄŸi RAM.pdf" 2>&1
Output: [nltk_data] Downloading package punkt to
[nltk_data]     C:\Users\hp\AppData\Roaming\nltk_data...
[nltk_data]   Package punkt is already up-to-date!
[nltk_data] Downloading package stopwords to
[nltk_data]     C:\Users\hp\AppData\Roaming\nltk_data...
[nltk_data]   Package stopwords is already up-to-date!
Error summarizing text: 
**********************************************************************
  Resource [93mpunkt_tab[0m not found.
  Please use the NLTK Downloader to obtain the resource:

  [31m>>> import nltk
  >>> nltk.download('punkt_tab')
  [0m
  For more information see: https://www.nltk.org/data.html

  Attempted to load [93mtokenizers/punkt_tab/english/[0m

  Searched in:
    - 'C:\\Users\\hp/nltk_data'
    - 'C:\\Users\\hp\\AppData\\Local\\Programs\\Python\\Python312\\nltk_data'
    - 'C:\\Users\\hp\\AppData\\Local\\Programs\\Python\\Python312\\share\\nltk_data'
    - 'C:\\Users\\hp\\AppData\\Local\\Programs\\Python\\Python312\\lib\\nltk_data'
    - 'C:\\Users\\hp\\AppData\\Roaming\\nltk_data'
    - 'C:\\nltk_data'
    - 'D:\\nltk_data'
    - 'E:\\nltk_data'
**********************************************************************


Command: python "C:\xampp\htdocs\summarizer/summarize_file.py" "../Uploads/12_Rasgele EriÅŸim BelleÄŸi RAM.pdf" 2>&1
Output: [nltk_data] Downloading package punkt to
[nltk_data]     C:\Users\hp\AppData\Roaming\nltk_data...
[nltk_data]   Package punkt is already up-to-date!
[nltk_data] Downloading package stopwords to
[nltk_data]     C:\Users\hp\AppData\Roaming\nltk_data...
[nltk_data]   Package stopwords is already up-to-date!
Traceback (most recent call last):
  File "C:\xampp\htdocs\summarizer/summarize_file.py", line 90, in <module>
    main()
  File "C:\xampp\htdocs\summarizer/summarize_file.py", line 87, in main
    print(summary)
  File "C:\Users\hp\AppData\Local\Programs\Python\Python312\Lib\encodings\cp1252.py", line 19, in encode
    return codecs.charmap_encode(input,self.errors,encoding_table)[0]
           ^^^^^^^^^^^^^^^^^^^^^^^^^^^^^^^^^^^^^^^^^^^^^^^^^^^^^^^
UnicodeEncodeError: 'charmap' codec can't encode character '\uf097' in position 57: character maps to <undefined>

Command: python "C:\xampp\htdocs\summarizer/summarize_file.py" "../Uploads/12_Rasgele EriÅŸim BelleÄŸi RAM.pdf" 2>&1
Output: [nltk_data] Downloading package punkt to
[nltk_data]     C:\Users\hp\AppData\Roaming\nltk_data...
[nltk_data]   Package punkt is already up-to-date!
[nltk_data] Downloading package stopwords to
[nltk_data]     C:\Users\hp\AppData\Roaming\nltk_data...
[nltk_data]   Package stopwords is already up-to-date!
Traceback (most recent call last):
  File "C:\xampp\htdocs\summarizer/summarize_file.py", line 90, in <module>
    main()
  File "C:\xampp\htdocs\summarizer/summarize_file.py", line 87, in main
    print(summary)
  File "C:\Users\hp\AppData\Local\Programs\Python\Python312\Lib\encodings\cp1252.py", line 19, in encode
    return codecs.charmap_encode(input,self.errors,encoding_table)[0]
           ^^^^^^^^^^^^^^^^^^^^^^^^^^^^^^^^^^^^^^^^^^^^^^^^^^^^^^^
UnicodeEncodeError: 'charmap' codec can't encode character '\uf097' in position 57: character maps to <undefined>

Command: python "C:\xampp\htdocs\summarizer/summarize_file.py" "../Uploads/12_Rasgele EriÅŸim BelleÄŸi RAM.pdf" 2>&1
Output: [nltk_data] Downloading package punkt to
[nltk_data]     C:\Users\hp\AppData\Roaming\nltk_data...
[nltk_data]   Package punkt is already up-to-date!
[nltk_data] Downloading package punkt_tab to
[nltk_data]     C:\Users\hp\AppData\Roaming\nltk_data...
[nltk_data]   Package punkt_tab is already up-to-date!
[nltk_data] Downloading package stopwords to
[nltk_data]     C:\Users\hp\AppData\Roaming\nltk_data...
[nltk_data]   Package stopwords is already up-to-date!
Traceback (most recent call last):
  File "C:\xampp\htdocs\summarizer/summarize_file.py", line 86, in <module>
    print(summary)
  File "C:\Users\hp\AppData\Local\Programs\Python\Python312\Lib\encodings\cp1252.py", line 19, in encode
    return codecs.charmap_encode(input,self.errors,encoding_table)[0]
           ^^^^^^^^^^^^^^^^^^^^^^^^^^^^^^^^^^^^^^^^^^^^^^^^^^^^^^^
UnicodeEncodeError: 'charmap' codec can't encode character '\uf097' in position 59: character maps to <undefined>

Command: python "C:\xampp\htdocs\summarizer/summarize_file.py" "../Uploads/12_Rasgele EriÅŸim BelleÄŸi RAM.pdf" 2>&1
Output: [nltk_data] Downloading package punkt to
[nltk_data]     C:\Users\hp\AppData\Roaming\nltk_data...
[nltk_data]   Package punkt is already up-to-date!
[nltk_data] Downloading package punkt_tab to
[nltk_data]     C:\Users\hp\AppData\Roaming\nltk_data...
[nltk_data]   Package punkt_tab is already up-to-date!
[nltk_data] Downloading package stopwords to
[nltk_data]     C:\Users\hp\AppData\Roaming\nltk_data...
[nltk_data]   Package stopwords is already up-to-date!
Encoding error: 'charmap' codec can't encode character '\uf097' in position 59: character maps to <undefined>. Using fallback encoding.
Traceback (most recent call last):
  File "C:\xampp\htdocs\summarizer/summarize_file.py", line 88, in main
    print(summary.encode('utf-8').decode('utf-8', errors='replace'))
  File "C:\Users\hp\AppData\Local\Programs\Python\Python312\Lib\encodings\cp1252.py", line 19, in encode
    return codecs.charmap_encode(input,self.errors,encoding_table)[0]
           ^^^^^^^^^^^^^^^^^^^^^^^^^^^^^^^^^^^^^^^^^^^^^^^^^^^^^^^
UnicodeEncodeError: 'charmap' codec can't encode character '\uf097' in position 59: character maps to <undefined>

During handling of the above exception, another exception occurred:

Traceback (most recent call last):
  File "C:\xampp\htdocs\summarizer/summarize_file.py", line 94, in <module>
    main()
  File "C:\xampp\htdocs\summarizer/summarize_file.py", line 91, in main
    print(summary.encode('utf-8', errors='replace').decode('utf-8'))
  File "C:\Users\hp\AppData\Local\Programs\Python\Python312\Lib\encodings\cp1252.py", line 19, in encode
    return codecs.charmap_encode(input,self.errors,encoding_table)[0]
           ^^^^^^^^^^^^^^^^^^^^^^^^^^^^^^^^^^^^^^^^^^^^^^^^^^^^^^^
UnicodeEncodeError: 'charmap' codec can't encode character '\uf097' in position 59: character maps to <undefined>

Command: python "C:\xampp\htdocs\summarizer/summarize_file.py" "../Uploads/10_DiÄŸer Flip-flop TÃ¼rleri ve Saat GiriÅŸli ArdÄ±ÅŸÄ±l Devrelerin Analizi.pdf" 2>&1
Output: [nltk_data] Downloading package punkt to
[nltk_data]     C:\Users\hp\AppData\Roaming\nltk_data...
[nltk_data]   Package punkt is already up-to-date!
[nltk_data] Downloading package punkt_tab to
[nltk_data]     C:\Users\hp\AppData\Roaming\nltk_data...
[nltk_data]   Package punkt_tab is already up-to-date!
[nltk_data] Downloading package stopwords to
[nltk_data]     C:\Users\hp\AppData\Roaming\nltk_data...
[nltk_data]   Package stopwords is already up-to-date!
Encoding error: 'charmap' codec can't encode character '\uf097' in position 0: character maps to <undefined>. Using fallback encoding.
Traceback (most recent call last):
  File "C:\xampp\htdocs\summarizer/summarize_file.py", line 88, in main
    print(summary.encode('utf-8').decode('utf-8', errors='replace'))
  File "C:\Users\hp\AppData\Local\Programs\Python\Python312\Lib\encodings\cp1252.py", line 19, in encode
    return codecs.charmap_encode(input,self.errors,encoding_table)[0]
           ^^^^^^^^^^^^^^^^^^^^^^^^^^^^^^^^^^^^^^^^^^^^^^^^^^^^^^^
UnicodeEncodeError: 'charmap' codec can't encode character '\uf097' in position 0: character maps to <undefined>

During handling of the above exception, another exception occurred:

Traceback (most recent call last):
  File "C:\xampp\htdocs\summarizer/summarize_file.py", line 94, in <module>
    main()
  File "C:\xampp\htdocs\summarizer/summarize_file.py", line 91, in main
    print(summary.encode('utf-8', errors='replace').decode('utf-8'))
  File "C:\Users\hp\AppData\Local\Programs\Python\Python312\Lib\encodings\cp1252.py", line 19, in encode
    return codecs.charmap_encode(input,self.errors,encoding_table)[0]
           ^^^^^^^^^^^^^^^^^^^^^^^^^^^^^^^^^^^^^^^^^^^^^^^^^^^^^^^
UnicodeEncodeError: 'charmap' codec can't encode character '\uf097' in position 0: character maps to <undefined>

Command: python "C:\xampp\htdocs\summarizer/summarize_file.py" "../Uploads/07_BCD ToplayÄ±cÄ±_BÃ¼yÃ¼klÃ¼k KarÅŸÄ±laÅŸtÄ±rÄ±cÄ±sÄ±_Kod Ã‡Ã¶zÃ¼cÃ¼ler.pdf" 2>&1
Output: [nltk_data] Downloading package punkt to
[nltk_data]     C:\Users\hp\AppData\Roaming\nltk_data...
[nltk_data]   Package punkt is already up-to-date!
[nltk_data] Downloading package punkt_tab to
[nltk_data]     C:\Users\hp\AppData\Roaming\nltk_data...
[nltk_data]   Package punkt_tab is already up-to-date!
[nltk_data] Downloading package stopwords to
[nltk_data]     C:\Users\hp\AppData\Roaming\nltk_data...
[nltk_data]   Package stopwords is already up-to-date!
Encoding error: 'charmap' codec can't encode character '\uf097' in position 59: character maps to <undefined>. Using fallback encoding.
Traceback (most recent call last):
  File "C:\xampp\htdocs\summarizer/summarize_file.py", line 88, in main
    print(summary.encode('utf-8').decode('utf-8', errors='replace'))
  File "C:\Users\hp\AppData\Local\Programs\Python\Python312\Lib\encodings\cp1252.py", line 19, in encode
    return codecs.charmap_encode(input,self.errors,encoding_table)[0]
           ^^^^^^^^^^^^^^^^^^^^^^^^^^^^^^^^^^^^^^^^^^^^^^^^^^^^^^^
UnicodeEncodeError: 'charmap' codec can't encode character '\uf097' in position 59: character maps to <undefined>

During handling of the above exception, another exception occurred:

Traceback (most recent call last):
  File "C:\xampp\htdocs\summarizer/summarize_file.py", line 94, in <module>
    main()
  File "C:\xampp\htdocs\summarizer/summarize_file.py", line 91, in main
    print(summary.encode('utf-8', errors='replace').decode('utf-8'))
  File "C:\Users\hp\AppData\Local\Programs\Python\Python312\Lib\encodings\cp1252.py", line 19, in encode
    return codecs.charmap_encode(input,self.errors,encoding_table)[0]
           ^^^^^^^^^^^^^^^^^^^^^^^^^^^^^^^^^^^^^^^^^^^^^^^^^^^^^^^
UnicodeEncodeError: 'charmap' codec can't encode character '\uf097' in position 59: character maps to <undefined>

Command: python "C:\xampp\htdocs\summarizer/summarize_file.py" "../Uploads/hafta5 (7).docx" 2>&1
Output: [nltk_data] Downloading package punkt to
[nltk_data]     C:\Users\hp\AppData\Roaming\nltk_data...
[nltk_data]   Package punkt is already up-to-date!
[nltk_data] Downloading package punkt_tab to
[nltk_data]     C:\Users\hp\AppData\Roaming\nltk_data...
[nltk_data]   Package punkt_tab is already up-to-date!
[nltk_data] Downloading package stopwords to
[nltk_data]     C:\Users\hp\AppData\Roaming\nltk_data...
[nltk_data]   Package stopwords is already up-to-date!
Encoding error: 'charmap' codec can't encode character '\u0131' in position 26: character maps to <undefined>. Using fallback encoding.
Traceback (most recent call last):
  File "C:\xampp\htdocs\summarizer/summarize_file.py", line 88, in main
    print(summary.encode('utf-8').decode('utf-8', errors='replace'))
  File "C:\Users\hp\AppData\Local\Programs\Python\Python312\Lib\encodings\cp1252.py", line 19, in encode
    return codecs.charmap_encode(input,self.errors,encoding_table)[0]
           ^^^^^^^^^^^^^^^^^^^^^^^^^^^^^^^^^^^^^^^^^^^^^^^^^^^^^^^
UnicodeEncodeError: 'charmap' codec can't encode character '\u0131' in position 26: character maps to <undefined>

During handling of the above exception, another exception occurred:

Traceback (most recent call last):
  File "C:\xampp\htdocs\summarizer/summarize_file.py", line 94, in <module>
    main()
  File "C:\xampp\htdocs\summarizer/summarize_file.py", line 91, in main
    print(summary.encode('utf-8', errors='replace').decode('utf-8'))
  File "C:\Users\hp\AppData\Local\Programs\Python\Python312\Lib\encodings\cp1252.py", line 19, in encode
    return codecs.charmap_encode(input,self.errors,encoding_table)[0]
           ^^^^^^^^^^^^^^^^^^^^^^^^^^^^^^^^^^^^^^^^^^^^^^^^^^^^^^^
UnicodeEncodeError: 'charmap' codec can't encode character '\u0131' in position 26: character maps to <undefined>

Command: python "C:\xampp\htdocs\summarizer/summarize_file.py" "../Uploads/06_Kombinezonal Lojik, Toplama ve Ã‡Ä±karma Devreleri.pdf" 2>&1
Output: [nltk_data] Downloading package punkt to
[nltk_data]     C:\Users\hp\AppData\Roaming\nltk_data...
[nltk_data]   Package punkt is already up-to-date!
[nltk_data] Downloading package punkt_tab to
[nltk_data]     C:\Users\hp\AppData\Roaming\nltk_data...
[nltk_data]   Package punkt_tab is already up-to-date!
[nltk_data] Downloading package stopwords to
[nltk_data]     C:\Users\hp\AppData\Roaming\nltk_data...
[nltk_data]   Package stopwords is already up-to-date!
Encoding error: 'charmap' codec can't encode character '\uf097' in position 59: character maps to <undefined>. Using fallback encoding.
Traceback (most recent call last):
  File "C:\xampp\htdocs\summarizer/summarize_file.py", line 88, in main
    print(summary.encode('utf-8').decode('utf-8', errors='replace'))
  File "C:\Users\hp\AppData\Local\Programs\Python\Python312\Lib\encodings\cp1252.py", line 19, in encode
    return codecs.charmap_encode(input,self.errors,encoding_table)[0]
           ^^^^^^^^^^^^^^^^^^^^^^^^^^^^^^^^^^^^^^^^^^^^^^^^^^^^^^^
UnicodeEncodeError: 'charmap' codec can't encode character '\uf097' in position 59: character maps to <undefined>

During handling of the above exception, another exception occurred:

Traceback (most recent call last):
  File "C:\xampp\htdocs\summarizer/summarize_file.py", line 94, in <module>
    main()
  File "C:\xampp\htdocs\summarizer/summarize_file.py", line 91, in main
    print(summary.encode('utf-8', errors='replace').decode('utf-8'))
  File "C:\Users\hp\AppData\Local\Programs\Python\Python312\Lib\encodings\cp1252.py", line 19, in encode
    return codecs.charmap_encode(input,self.errors,encoding_table)[0]
           ^^^^^^^^^^^^^^^^^^^^^^^^^^^^^^^^^^^^^^^^^^^^^^^^^^^^^^^
UnicodeEncodeError: 'charmap' codec can't encode character '\uf097' in position 59: character maps to <undefined>

Command: python "C:\xampp\htdocs\summarizer/summarize_file.py" "../Uploads/12_Rasgele EriÅŸim BelleÄŸi RAM.pdf" 2>&1
Output: [nltk_data] Downloading package punkt to
[nltk_data]     C:\Users\hp\AppData\Roaming\nltk_data...
[nltk_data]   Package punkt is already up-to-date!
[nltk_data] Downloading package punkt_tab to
[nltk_data]     C:\Users\hp\AppData\Roaming\nltk_data...
[nltk_data]   Package punkt_tab is already up-to-date!
[nltk_data] Downloading package stopwords to
[nltk_data]     C:\Users\hp\AppData\Roaming\nltk_data...
[nltk_data]   Package stopwords is already up-to-date!
Encoding error: 'charmap' codec can't encode character '\uf097' in position 59: character maps to <undefined>. Using fallback encoding.
Traceback (most recent call last):
  File "C:\xampp\htdocs\summarizer/summarize_file.py", line 88, in main
    print(summary.encode('utf-8').decode('utf-8', errors='replace'))
  File "C:\Users\hp\AppData\Local\Programs\Python\Python312\Lib\encodings\cp1252.py", line 19, in encode
    return codecs.charmap_encode(input,self.errors,encoding_table)[0]
           ^^^^^^^^^^^^^^^^^^^^^^^^^^^^^^^^^^^^^^^^^^^^^^^^^^^^^^^
UnicodeEncodeError: 'charmap' codec can't encode character '\uf097' in position 59: character maps to <undefined>

During handling of the above exception, another exception occurred:

Traceback (most recent call last):
  File "C:\xampp\htdocs\summarizer/summarize_file.py", line 94, in <module>
    main()
  File "C:\xampp\htdocs\summarizer/summarize_file.py", line 91, in main
    print(summary.encode('utf-8', errors='replace').decode('utf-8'))
  File "C:\Users\hp\AppData\Local\Programs\Python\Python312\Lib\encodings\cp1252.py", line 19, in encode
    return codecs.charmap_encode(input,self.errors,encoding_table)[0]
           ^^^^^^^^^^^^^^^^^^^^^^^^^^^^^^^^^^^^^^^^^^^^^^^^^^^^^^^
UnicodeEncodeError: 'charmap' codec can't encode character '\uf097' in position 59: character maps to <undefined>

Command: PYTHONIOENCODING=utf-8 python "C:\xampp\htdocs\summarizer/summarize_file.py" "../Uploads/12_Rasgele EriÅŸim BelleÄŸi RAM.pdf" 2>&1
Output: 'PYTHONIOENCODING' is not recognized as an internal or external command,
operable program or batch file.

Command: C:\Python312\python.exe "C:\xampp\htdocs\summarizer/summarize_file.py" "../Uploads/10_DiÄŸer Flip-flop TÃ¼rleri ve Saat GiriÅŸli ArdÄ±ÅŸÄ±l Devrelerin Analizi.pdf" 2>&1
Output: The system cannot find the path specified.

Command: "C:\Users\hp\AppData\Local\Programs\Python\Python312\python.exe" "C:\xampp\htdocs\summarizer/summarize_file.py" "../Uploads/summ3.pdf" 2>&1
Output: No sentences found in the text.

Command: "C:\Users\hp\AppData\Local\Programs\Python\Python312\python.exe" "C:\xampp\htdocs\summarizer/summarize_file.py" "../Uploads/08_KodlayÄ±cÄ±lar Demultiplexer ve Multiplexer.pdf" 2>&1
Output: Multiplexerâ€™ler ile Boole FonksiyonlarÄ±nÄ±n 
UygulanmasÄ± -Ã–rnek
ï‚—AÅŸaÄŸÄ±da verilen Boole fonksiyonunu uygun birMultiplexer ile
gerÃ§ekleyin . Multiplexerâ€™ler ile Boole FonksiyonlarÄ±nÄ±n 
UygulanmasÄ± â€“Ã–rnek (Devam)
ï‚—Busoruda Multiplexerâ€™in Ã§alÄ±ÅŸmasÄ±nÄ± birÃ¶rnekle aÃ§Ä±klayacak
olursak ;ABC =110iken 6â€™Ä±ncÄ± verigiriÅŸi seÃ§ilmiÅŸ olurve6â€™Ä±ncÄ±
veri giriÅŸi Ã§Ä±kÄ±ÅŸa aktarÄ±lÄ±r .Yani, FÃ§Ä±kÄ±ÅŸÄ±, Dâ€™nin deÄŸerinden
baÄŸÄ±msÄ±z olarak 1â€™eeÅŸitolur. Multiplexerâ€™ler ile Boole FonksiyonlarÄ±nÄ±n 
UygulanmasÄ± â€“Ã–rnek (Devam)
ï‚—Busoruda Multiplexerâ€™in Ã§alÄ±ÅŸmasÄ±nÄ± birÃ¶rnekle aÃ§Ä±klayacak
olursak ;xy=00iken 0â€™Ä±ncÄ± verigiriÅŸi seÃ§ilmiÅŸ olurve0â€™Ä±ncÄ±
verigiriÅŸi Ã§Ä±kÄ±ÅŸa aktarÄ±lÄ±r .Yani, FÃ§Ä±kÄ±ÅŸÄ± zâ€™ye eÅŸitolur.z=0
iseÃ§Ä±kÄ±ÅŸ 0,z=1iseÃ§Ä±kÄ±ÅŸ 1olur.

Command: "C:\Users\hp\AppData\Local\Programs\Python\Python312\python.exe" "C:\xampp\htdocs\summarizer/summarize_file.py" "../Uploads/12_Rasgele EriÅŸim BelleÄŸi RAM.pdf" 2>&1
Output: Ãœyesi Onur Ã‡AKIRGÃ–Z
onurcakirgoz@bartin.edu.tr

ANAHAT
ï‚—GiriÅŸ
ï‚—Rasgele EriÅŸim BelleÄŸi (RAM â€“Random Access Memory)
ï‚—Ä°kili Depolama HÃ¼cresi
ï‚—RAM'in MantÄ±ksal YapÄ±sÄ±
ï‚—KesiÅŸen Kod Ã‡Ã¶zme (Coincident Decoding)
ï‚—SRAM â€“DRAM KarÅŸÄ±laÅŸtÄ±rmasÄ±
ï‚—Adres Ã‡oklama (Address Multiplexing)
GiriÅŸ
ï‚—Birbellek birimi, bÃ¼yÃ¼k miktarda ikilibilgi depolayabilen bir
hÃ¼cre topluluÄŸudur . 6 TransistÃ¶rlÃ¼ SRAM HÃ¼cresi 

DRAM HÃ¼cresi 

Adres Ã‡oklama (Address Multiplexing)
ï‚—BÃ¼yÃ¼k kapasiteleri nedeniyle, DRAM'lerin adres kod
Ã§Ã¶zme iÅŸlemleri ikiboyutlu birdizide dÃ¼zenlenir vedaha
bÃ¼yÃ¼k bellekler genellikle birden Ã§okdiziye sahiptir . Ä°kili Depolama HÃ¼cresi
ï‚—mkelime vekelime baÅŸÄ±na nbitlik birRAM'in dahili
yapÄ±sÄ±, m*nikilidepolama hÃ¼cresinden vetektek
kelimeleri seÃ§mek iÃ§inilgili kod Ã§Ã¶zme devrelerinden
oluÅŸur .

Upload error: 0
Upload error: 0
Command: "C:\Users\hp\AppData\Local\Programs\Python\Python312\python.exe" "C:\xampp\htdocs\summarizer/summarize_file.py" "../Uploads/02_FonksiyonÄ°fadeÅžekilleriveDiÄŸerLojikÄ°ÅŸlemler (2).pdf" 2>&1
Output: ï‚—Ã–rneÄŸin, aÅŸaÄŸÄ±daki tabloda f1fonksiyonunun 1olduÄŸu
satÄ±rlar bulunur .001,100 ve111 kombinasyonlarÄ±na
karÅŸÄ±lÄ±k dÃ¼ÅŸen minterimler sÄ±rasÄ±yla xâ€™yâ€™z, xyâ€™zâ€™ vexyz
ÅŸeklindedir .DolayÄ±sÄ±yla,
ï‚—f1boole fonksiyonu :

Kanonik ve Standart BiÃ§imler
ï‚—Boole cebrinin 1.Ã¶nemli Ã¶zelliÄŸi :Herboole fonksiyonu
minterimlerin toplamÄ± olarak ifade edilebilir . ï‚—Åžimdi birboole fonksiyonunun tÃ¼mleyenini gÃ¶z Ã¶nÃ¼ne
alalÄ±m .BuamaÃ§la, doÄŸruluk tablosunda fonksiyonunun 0
olduÄŸu her bir kombinasyona iliÅŸkin minterimler
VEYAâ€™lanÄ±r :
ï‚—f1â€™fonksiyonunun tÃ¼mleyeni alÄ±nÄ±rsa
f1fonksiyonu elde edilir :

Kanonik ve Standart BiÃ§imler
ï‚—Boole cebrinin 2.Ã¶nemli Ã¶zelliÄŸi :Herboole fonksiyonu
maksterimlerin Ã§arpÄ±mÄ± olarak ifade edilebilir . Ãœyesi Onur Ã‡AKIRGÃ–Z
onurcakirgoz@bartin.edu.tr

ANAHAT
ï‚—Kanonik ve Standart BiÃ§imler
ï‚—Kanonik BiÃ§imde GÃ¶sterim
ï‚—Minterimlerin ToplamÄ± 
ï‚—Maksterimlerin Ã‡arpÄ±mÄ±
ï‚—Kanonik YapÄ±lar ArasÄ±nda DÃ¶nÃ¼ÅŸÃ¼m
ï‚—Standart BiÃ§imde GÃ¶sterim
ï‚—Ã‡arpÄ±mlarÄ±n ToplamÄ±
ï‚—ToplamlarÄ±n Ã‡arpÄ±mÄ±
ï‚—Standart Olmayan BiÃ§im
ï‚—DiÄŸer Lojik Ä°ÅŸlemler
Kanonik ve Standart BiÃ§imler
ï‚—Ä°kilideÄŸiÅŸkenler, Ã¶rneÄŸin x,normal (x)veya tÃ¼mleyen
formunda (xâ€™)bulunurlar .

Command: "C:\Users\hp\AppData\Local\Programs\Python\Python312\python.exe" "C:\xampp\htdocs\summarizer/summarize_file.py" "../Uploads/12_Rasgele EriÅŸim BelleÄŸi RAM.pdf" 2>&1
Output: Ãœyesi Onur Ã‡AKIRGÃ–Z
onurcakirgoz@bartin.edu.tr

ANAHAT
ï‚—GiriÅŸ
ï‚—Rasgele EriÅŸim BelleÄŸi (RAM â€“Random Access Memory)
ï‚—Ä°kili Depolama HÃ¼cresi
ï‚—RAM'in MantÄ±ksal YapÄ±sÄ±
ï‚—KesiÅŸen Kod Ã‡Ã¶zme (Coincident Decoding)
ï‚—SRAM â€“DRAM KarÅŸÄ±laÅŸtÄ±rmasÄ±
ï‚—Adres Ã‡oklama (Address Multiplexing)
GiriÅŸ
ï‚—Birbellek birimi, bÃ¼yÃ¼k miktarda ikilibilgi depolayabilen bir
hÃ¼cre topluluÄŸudur . 6 TransistÃ¶rlÃ¼ SRAM HÃ¼cresi 

DRAM HÃ¼cresi 

Adres Ã‡oklama (Address Multiplexing)
ï‚—BÃ¼yÃ¼k kapasiteleri nedeniyle, DRAM'lerin adres kod
Ã§Ã¶zme iÅŸlemleri ikiboyutlu birdizide dÃ¼zenlenir vedaha
bÃ¼yÃ¼k bellekler genellikle birden Ã§okdiziye sahiptir . Ä°kili Depolama HÃ¼cresi
ï‚—mkelime vekelime baÅŸÄ±na nbitlik birRAM'in dahili
yapÄ±sÄ±, m*nikilidepolama hÃ¼cresinden vetektek
kelimeleri seÃ§mek iÃ§inilgili kod Ã§Ã¶zme devrelerinden
oluÅŸur .

Command: "C:\Users\hp\AppData\Local\Programs\Python\Python312\python.exe" "C:\xampp\htdocs\summarizer/summarize_file.py" "../Uploads/diferansiyel_ders_notu.pdf" 2>&1
Output: 67
68
69
70
71
72
73
74
75
76
77
78
79
80
81
82
83
84
85
86
87
88
89
90
91
92
93
94
95
96
97
98
99
100
101
102

Command: "C:\Users\hp\AppData\Local\Programs\Python\Python312\python.exe" "C:\xampp\htdocs\summarizer/summarize_file.py" "../Uploads/diferansiyel_ders_notu.pdf" 2>&1
Output: 67
68
69
70
71
72
73
74
75
76
77
78
79
80
81
82
83
84
85
86
87
88
89
90
91
92
93
94
95
96
97
98
99
100
101
102

Command: "C:\Users\hp\AppData\Local\Programs\Python\Python312\python.exe" "C:\xampp\htdocs\summarizer/summarize_file.py" "../Uploads/diferansiyel_ders_notu.pdf" 2>&1
Output: [nltk_data] Error loading punkt: <urlopen error [Errno 11001]
[nltk_data]     getaddrinfo failed>
[nltk_data] Error loading punkt_tab: <urlopen error [Errno 11001]
[nltk_data]     getaddrinfo failed>
[nltk_data] Error loading stopwords: <urlopen error [Errno 11001]
[nltk_data]     getaddrinfo failed>
67
68
69
70
71
72
73
74
75
76
77
78
79
80
81
82
83
84
85
86
87
88
89
90
91
92
93
94
95
96
97
98
99
100
101
102

Command: "C:\Users\hp\AppData\Local\Programs\Python\Python312\python.exe" "C:\xampp\htdocs\summarizer/summarize_file.py" "../Uploads/09_Senkron ArdÄ±ÅŸÄ±l Lojik, Mandallar ve Flip-floplar.pdf" 2>&1
Output: [nltk_data] Error loading punkt: <urlopen error [Errno 11001]
[nltk_data]     getaddrinfo failed>
[nltk_data] Error loading punkt_tab: <urlopen error [Errno 11001]
[nltk_data]     getaddrinfo failed>
[nltk_data] Error loading stopwords: <urlopen error [Errno 11001]
[nltk_data]     getaddrinfo failed>
Ãœyesi Onur Ã‡AKIRGÃ–Z
onurcakirgoz@bartin.edu.tr

ANAHAT
ï‚—ArdÄ±ÅŸÄ±l Lojik
ï‚—Senkron ArdÄ±ÅŸÄ±l Lojik
ï‚—Depolama ElemanlarÄ±: Mandallar (Latches)
ï‚—SR MandalÄ±
ï‚—Sâ€™Râ€™ MandalÄ±
ï‚—Ä°zin (Kontrol) GiriÅŸli SR MandalÄ±
ï‚—D MandalÄ± (Saydam Mandal)
ï‚—MandallarÄ±n Gafik Sembolleri
ï‚—Depolama ElemanlarÄ±: Flip -Floplar
ï‚—Kenar Tetiklemeli D Flip -Flop
ArdÄ±ÅŸÄ±l Lojik
ï‚—Salt kombinezonal devrelerde, zamanÄ±n herhangi bir
anÄ±ndaki Ã§Ä±kÄ±ÅŸlar, tamamen oanki giriÅŸlere baÄŸlÄ±dÄ±r . Depolama ElemanlarÄ±: Flip -Floplar
ï‚—Kontrol (izin)giriÅŸine darbeler uygulanan DmandalÄ± ,
aslÄ±nda, darbe lojik -1seviyesine hergittiÄŸinde
tetiklenen bir flip-flopâ€™tur .DarbegiriÅŸi bu seviyede
kaldÄ±ÄŸÄ±mÃ¼ddetÃ§e, verigiriÅŸindeki herhangi birdeÄŸiÅŸim ;
Ã§Ä±kÄ±ÅŸÄ± vemandalÄ±n durumunu deÄŸiÅŸtirecektir . Ä°zin (Kontrol) GiriÅŸli SR MandalÄ± 
ï‚—Kurma durumuna S=1,R=0veEn=1olduÄŸunda ulaÅŸÄ±lÄ±r .Bu
giriÅŸ deÄŸerleriyle, solÃ¼stteki kapÄ±nÄ±n Ã§Ä±kÄ±ÅŸÄ± 0,solalttaki kapÄ±nÄ±n
Ã§Ä±kÄ±ÅŸÄ± ise1olurvesonuÃ§ olarak QÃ§Ä±kÄ±ÅŸÄ± 1olur.

Command: "C:\Users\hp\AppData\Local\Programs\Python\Python312\python.exe" "C:\xampp\htdocs\summarizer/summarize_file.py" "../Uploads/09_Senkron ArdÄ±ÅŸÄ±l Lojik, Mandallar ve Flip-floplar.pdf" 2>&1
Output: [nltk_data] Error loading punkt: <urlopen error [Errno 11001]
[nltk_data]     getaddrinfo failed>
[nltk_data] Error loading punkt_tab: <urlopen error [Errno 11001]
[nltk_data]     getaddrinfo failed>
[nltk_data] Error loading stopwords: <urlopen error [Errno 11001]
[nltk_data]     getaddrinfo failed>
Ãœyesi Onur Ã‡AKIRGÃ–Z
onurcakirgoz@bartin.edu.tr

ANAHAT
ï‚—ArdÄ±ÅŸÄ±l Lojik
ï‚—Senkron ArdÄ±ÅŸÄ±l Lojik
ï‚—Depolama ElemanlarÄ±: Mandallar (Latches)
ï‚—SR MandalÄ±
ï‚—Sâ€™Râ€™ MandalÄ±
ï‚—Ä°zin (Kontrol) GiriÅŸli SR MandalÄ±
ï‚—D MandalÄ± (Saydam Mandal)
ï‚—MandallarÄ±n Gafik Sembolleri
ï‚—Depolama ElemanlarÄ±: Flip -Floplar
ï‚—Kenar Tetiklemeli D Flip -Flop
ArdÄ±ÅŸÄ±l Lojik
ï‚—Salt kombinezonal devrelerde, zamanÄ±n herhangi bir
anÄ±ndaki Ã§Ä±kÄ±ÅŸlar, tamamen oanki giriÅŸlere baÄŸlÄ±dÄ±r . Depolama ElemanlarÄ±: Flip -Floplar
ï‚—Kontrol (izin)giriÅŸine darbeler uygulanan DmandalÄ± ,
aslÄ±nda, darbe lojik -1seviyesine hergittiÄŸinde
tetiklenen bir flip-flopâ€™tur .DarbegiriÅŸi bu seviyede
kaldÄ±ÄŸÄ±mÃ¼ddetÃ§e, verigiriÅŸindeki herhangi birdeÄŸiÅŸim ;
Ã§Ä±kÄ±ÅŸÄ± vemandalÄ±n durumunu deÄŸiÅŸtirecektir . Ä°zin (Kontrol) GiriÅŸli SR MandalÄ± 
ï‚—Kurma durumuna S=1,R=0veEn=1olduÄŸunda ulaÅŸÄ±lÄ±r .Bu
giriÅŸ deÄŸerleriyle, solÃ¼stteki kapÄ±nÄ±n Ã§Ä±kÄ±ÅŸÄ± 0,solalttaki kapÄ±nÄ±n
Ã§Ä±kÄ±ÅŸÄ± ise1olurvesonuÃ§ olarak QÃ§Ä±kÄ±ÅŸÄ± 1olur.

Command: "C:\Users\hp\AppData\Local\Programs\Python\Python312\python.exe" "C:\xampp\htdocs\summarizer/summarize_file.py" "../Uploads/12_Rasgele EriÅŸim BelleÄŸi RAM.pdf" 2>&1
Output: [nltk_data] Error loading punkt: <urlopen error [Errno 11001]
[nltk_data]     getaddrinfo failed>
[nltk_data] Error loading punkt_tab: <urlopen error [Errno 11001]
[nltk_data]     getaddrinfo failed>
[nltk_data] Error loading stopwords: <urlopen error [Errno 11001]
[nltk_data]     getaddrinfo failed>
Ãœyesi Onur Ã‡AKIRGÃ–Z
onurcakirgoz@bartin.edu.tr

ANAHAT
ï‚—GiriÅŸ
ï‚—Rasgele EriÅŸim BelleÄŸi (RAM â€“Random Access Memory)
ï‚—Ä°kili Depolama HÃ¼cresi
ï‚—RAM'in MantÄ±ksal YapÄ±sÄ±
ï‚—KesiÅŸen Kod Ã‡Ã¶zme (Coincident Decoding)
ï‚—SRAM â€“DRAM KarÅŸÄ±laÅŸtÄ±rmasÄ±
ï‚—Adres Ã‡oklama (Address Multiplexing)
GiriÅŸ
ï‚—Birbellek birimi, bÃ¼yÃ¼k miktarda ikilibilgi depolayabilen bir
hÃ¼cre topluluÄŸudur . 6 TransistÃ¶rlÃ¼ SRAM HÃ¼cresi 

DRAM HÃ¼cresi 

Adres Ã‡oklama (Address Multiplexing)
ï‚—BÃ¼yÃ¼k kapasiteleri nedeniyle, DRAM'lerin adres kod
Ã§Ã¶zme iÅŸlemleri ikiboyutlu birdizide dÃ¼zenlenir vedaha
bÃ¼yÃ¼k bellekler genellikle birden Ã§okdiziye sahiptir . Ä°kili Depolama HÃ¼cresi
ï‚—mkelime vekelime baÅŸÄ±na nbitlik birRAM'in dahili
yapÄ±sÄ±, m*nikilidepolama hÃ¼cresinden vetektek
kelimeleri seÃ§mek iÃ§inilgili kod Ã§Ã¶zme devrelerinden
oluÅŸur .

Command: "C:\Users\hp\AppData\Local\Programs\Python\Python312\python.exe" "C:\xampp\htdocs\summarizer/summarize_file.py" "../Uploads/10_DiÄŸer Flip-flop TÃ¼rleri ve Saat GiriÅŸli ArdÄ±ÅŸÄ±l Devrelerin Analizi.pdf" 2>&1
Output: [nltk_data] Error loading punkt: <urlopen error [Errno 11001]
[nltk_data]     getaddrinfo failed>
[nltk_data] Error loading punkt_tab: <urlopen error [Errno 11001]
[nltk_data]     getaddrinfo failed>
[nltk_data] Error loading stopwords: <urlopen error [Errno 11001]
[nltk_data]     getaddrinfo failed>
ï‚—Denklemlerdeki (t)
gÃ¶sterimlerini ihmal ederek,
durum denklemlerini daha
kÄ±sa veÃ¶zlÃ¼ birÅŸekilde ifade
edebiliriz :
A(t + 1) = Ax + Bx
B(t + 1) = Aâ€™x
ï‚—yÃ§Ä±kÄ±ÅŸÄ±nÄ±n ÅŸuanki durum
deÄŸeri cebirsel olarak ÅŸÃ¶yle
ifade edilebilir :
y = (A + B)xâ€™

Saat GiriÅŸli ArdÄ±ÅŸÄ±l Devrelerin Analizi â€“
Durum Tablosu
ï‚—GiriÅŸlerin, Ã§Ä±kÄ±ÅŸlarÄ±n veflip-flop durumlarÄ±nÄ±n zaman dizisi durum
tablosuyla aÃ§Ä±klanabilir (listelenebilir) . Ãœyesi Onur Ã‡AKIRGÃ–Z
onurcakirgoz@bartin.edu.tr

ANAHAT
ï‚—Depolama ElemanlarÄ±: Flip -Floplar
ï‚—Kenar Tetiklemeli D Flip -Flop
ï‚—JK Flip -Flobu
ï‚—T (toggle) Flip -Flobu
ï‚—Flip-floplarÄ±n Karakteristik TablolarÄ±
ï‚—Karakteristik Denklemler
ï‚—DoÄŸrudan GiriÅŸler (Direct Inputs)
ï‚—Saat GiriÅŸli ArdÄ±ÅŸÄ±l Devrelerin Analizi
ï‚—Durum Denklemleri
ï‚—Durum Tablosu
ï‚—Durum DiyagramÄ± 
Kenar Tetiklemeli D Flip -Flop
ï‚—Kenar tetiklemeli Dflip-flobun diÄŸer birgerÃ§eklemesi Ã¼Ã§tane Sâ€™Râ€™
mandalÄ± kullanmaktadÄ±r . Saat GiriÅŸli ArdÄ±ÅŸÄ±l Devrelerin Analizi â€“
Durum Denklemleri
ï‚—Flip-flobun DgiriÅŸi bir
sonraki durumun deÄŸerini
belirlediÄŸinden, devre iÃ§in
ÅŸudurum denklemlerini
kolayca yazmak
mÃ¼mkÃ¼ndÃ¼r :
A(t + 1) = A(t)x(t) + B(t)x(t)
B(t + 1) = Aâ€™(t)x(t)
ï‚—Birdurum denklemi ;bir
flip-flop durum geÃ§iÅŸi iÃ§in
koÅŸulu belirten cebirsel bir
ifadedir .

Command: "C:\Users\hp\AppData\Local\Programs\Python\Python312\python.exe" "C:\xampp\htdocs\summarizer/summarize_file.py" "../Uploads/08_KodlayÄ±cÄ±lar Demultiplexer ve Multiplexer.pdf" 2>&1
Output: Multiplexerâ€™ler ile Boole FonksiyonlarÄ±nÄ±n 
UygulanmasÄ± -Ã–rnek
ï‚—AÅŸaÄŸÄ±da verilen Boole fonksiyonunu uygun birMultiplexer ile
gerÃ§ekleyin . Multiplexerâ€™ler ile Boole FonksiyonlarÄ±nÄ±n 
UygulanmasÄ± â€“Ã–rnek (Devam)
ï‚—Busoruda Multiplexerâ€™in Ã§alÄ±ÅŸmasÄ±nÄ± birÃ¶rnekle aÃ§Ä±klayacak
olursak ;ABC =110iken 6â€™Ä±ncÄ± verigiriÅŸi seÃ§ilmiÅŸ olurve6â€™Ä±ncÄ±
veri giriÅŸi Ã§Ä±kÄ±ÅŸa aktarÄ±lÄ±r .Yani, FÃ§Ä±kÄ±ÅŸÄ±, Dâ€™nin deÄŸerinden
baÄŸÄ±msÄ±z olarak 1â€™eeÅŸitolur. Multiplexerâ€™ler ile Boole FonksiyonlarÄ±nÄ±n 
UygulanmasÄ± â€“Ã–rnek (Devam)
ï‚—Busoruda Multiplexerâ€™in Ã§alÄ±ÅŸmasÄ±nÄ± birÃ¶rnekle aÃ§Ä±klayacak
olursak ;xy=00iken 0â€™Ä±ncÄ± verigiriÅŸi seÃ§ilmiÅŸ olurve0â€™Ä±ncÄ±
verigiriÅŸi Ã§Ä±kÄ±ÅŸa aktarÄ±lÄ±r .Yani, FÃ§Ä±kÄ±ÅŸÄ± zâ€™ye eÅŸitolur.z=0
iseÃ§Ä±kÄ±ÅŸ 0,z=1iseÃ§Ä±kÄ±ÅŸ 1olur.

Command: "C:\Users\hp\AppData\Local\Programs\Python\Python312\python.exe" "C:\xampp\htdocs\23670310036_22670310118_Yapay Zeka ile destekli not alma web sitesi_Final kodlar/summarize_file.py" "../Uploads/07_BCD ToplayÄ±cÄ±_BÃ¼yÃ¼klÃ¼k KarÅŸÄ±laÅŸtÄ±rÄ±cÄ±sÄ±_Kod Ã‡Ã¶zÃ¼cÃ¼ler.pdf" 2>&1
Output: Ãœyesi Onur Ã‡AKIRGÃ–Z
onurcakirgoz@bartin.edu.tr

ANAHAT
ï‚—Onlu ToplayÄ±cÄ± (Decimal Adder)
ï‚—BCD ToplayÄ±cÄ± 
ï‚—BÃ¼yÃ¼klÃ¼k KarÅŸÄ±laÅŸtÄ±rÄ±cÄ±sÄ± (Magnitude Comparator)
ï‚—Kod Ã‡Ã¶zÃ¼cÃ¼ler (Decoders)
ï‚—Kod Ã‡Ã¶zÃ¼cÃ¼ler ile Kombinezonal Lojik UygulamasÄ±
Onlu ToplayÄ±cÄ± (Decimal Adder)
ï‚—Hesap makinelerinde veya bilgisayarlarda aritmetik iÅŸlemler
onlu sayÄ± sisteminde gerÃ§ekleÅŸtirilir . BCD ToplayÄ±cÄ± 
ï‚—Gereken dÃ¼zeltmeler iÃ§inkoÅŸullar veÃ§Ä±kÄ±ÅŸ eldesi aÅŸaÄŸÄ±daki
Boole fonksiyonuyla ifade edilir :
C = K+ Z8Z4+ Z8Z2
ï‚—DolayÄ±sÄ±yla, C=1olduÄŸunda ikilitoplam sonucuna 0110
eklenmeli ve bir sonraki kademe iÃ§in Ã§Ä±kÄ±ÅŸ eldesi
Ã¼retilmelidir . ï‚—Tam toplayÄ±cÄ±nÄ±n doÄŸruluk tablosundan, fonksiyonlar minterimlerin
toplamÄ± biÃ§iminde elde edilir :
S (x,y,z) = Î£(1, 2, 4, 7)
C (x,y,z) = Î£(3, 5, 6, 7)
ï‚—Ä°stenen gerÃ§ekleÅŸtirme Ã¼Ã§giriÅŸ vesekiz
minterim iÃ§erdiÄŸinden, 3x8likbirkodÃ§Ã¶zÃ¼cÃ¼
gerektirir .

Command: "C:\Users\hp\AppData\Local\Programs\Python\Python312\python.exe" "C:\xampp\htdocs\23670310036_22670310118_Yapay Zeka ile destekli not alma web sitesi_Final kodlar/summarize_file.py" "../Uploads/08_KodlayÄ±cÄ±lar Demultiplexer ve Multiplexer.pdf" 2>&1
Output: Multiplexerâ€™ler ile Boole FonksiyonlarÄ±nÄ±n 
UygulanmasÄ± -Ã–rnek
ï‚—AÅŸaÄŸÄ±da verilen Boole fonksiyonunu uygun birMultiplexer ile
gerÃ§ekleyin . Multiplexerâ€™ler ile Boole FonksiyonlarÄ±nÄ±n 
UygulanmasÄ± â€“Ã–rnek (Devam)
ï‚—Busoruda Multiplexerâ€™in Ã§alÄ±ÅŸmasÄ±nÄ± birÃ¶rnekle aÃ§Ä±klayacak
olursak ;ABC =110iken 6â€™Ä±ncÄ± verigiriÅŸi seÃ§ilmiÅŸ olurve6â€™Ä±ncÄ±
veri giriÅŸi Ã§Ä±kÄ±ÅŸa aktarÄ±lÄ±r .Yani, FÃ§Ä±kÄ±ÅŸÄ±, Dâ€™nin deÄŸerinden
baÄŸÄ±msÄ±z olarak 1â€™eeÅŸitolur. Multiplexerâ€™ler ile Boole FonksiyonlarÄ±nÄ±n 
UygulanmasÄ± â€“Ã–rnek (Devam)
ï‚—Busoruda Multiplexerâ€™in Ã§alÄ±ÅŸmasÄ±nÄ± birÃ¶rnekle aÃ§Ä±klayacak
olursak ;xy=00iken 0â€™Ä±ncÄ± verigiriÅŸi seÃ§ilmiÅŸ olurve0â€™Ä±ncÄ±
verigiriÅŸi Ã§Ä±kÄ±ÅŸa aktarÄ±lÄ±r .Yani, FÃ§Ä±kÄ±ÅŸÄ± zâ€™ye eÅŸitolur.z=0
iseÃ§Ä±kÄ±ÅŸ 0,z=1iseÃ§Ä±kÄ±ÅŸ 1olur.

Command: "C:\Users\hp\AppData\Local\Programs\Python\Python312\python.exe" "C:\xampp\htdocs\23670310036_22670310118_Yapay Zeka ile destekli not alma web sitesi_Final kodlar/summarize_file.py" "../Uploads/10_DiÄŸer Flip-flop TÃ¼rleri ve Saat GiriÅŸli ArdÄ±ÅŸÄ±l Devrelerin Analizi.pdf" 2>&1
Output: ï‚—Denklemlerdeki (t)
gÃ¶sterimlerini ihmal ederek,
durum denklemlerini daha
kÄ±sa veÃ¶zlÃ¼ birÅŸekilde ifade
edebiliriz :
A(t + 1) = Ax + Bx
B(t + 1) = Aâ€™x
ï‚—yÃ§Ä±kÄ±ÅŸÄ±nÄ±n ÅŸuanki durum
deÄŸeri cebirsel olarak ÅŸÃ¶yle
ifade edilebilir :
y = (A + B)xâ€™

Saat GiriÅŸli ArdÄ±ÅŸÄ±l Devrelerin Analizi â€“
Durum Tablosu
ï‚—GiriÅŸlerin, Ã§Ä±kÄ±ÅŸlarÄ±n veflip-flop durumlarÄ±nÄ±n zaman dizisi durum
tablosuyla aÃ§Ä±klanabilir (listelenebilir) . Ãœyesi Onur Ã‡AKIRGÃ–Z
onurcakirgoz@bartin.edu.tr

ANAHAT
ï‚—Depolama ElemanlarÄ±: Flip -Floplar
ï‚—Kenar Tetiklemeli D Flip -Flop
ï‚—JK Flip -Flobu
ï‚—T (toggle) Flip -Flobu
ï‚—Flip-floplarÄ±n Karakteristik TablolarÄ±
ï‚—Karakteristik Denklemler
ï‚—DoÄŸrudan GiriÅŸler (Direct Inputs)
ï‚—Saat GiriÅŸli ArdÄ±ÅŸÄ±l Devrelerin Analizi
ï‚—Durum Denklemleri
ï‚—Durum Tablosu
ï‚—Durum DiyagramÄ± 
Kenar Tetiklemeli D Flip -Flop
ï‚—Kenar tetiklemeli Dflip-flobun diÄŸer birgerÃ§eklemesi Ã¼Ã§tane Sâ€™Râ€™
mandalÄ± kullanmaktadÄ±r . Saat GiriÅŸli ArdÄ±ÅŸÄ±l Devrelerin Analizi â€“
Durum Denklemleri
ï‚—Flip-flobun DgiriÅŸi bir
sonraki durumun deÄŸerini
belirlediÄŸinden, devre iÃ§in
ÅŸudurum denklemlerini
kolayca yazmak
mÃ¼mkÃ¼ndÃ¼r :
A(t + 1) = A(t)x(t) + B(t)x(t)
B(t + 1) = Aâ€™(t)x(t)
ï‚—Birdurum denklemi ;bir
flip-flop durum geÃ§iÅŸi iÃ§in
koÅŸulu belirten cebirsel bir
ifadedir .

Command: "C:\Users\hp\AppData\Local\Programs\Python\Python312\python.exe" "C:\xampp\htdocs\23670310036_22670310118_Yapay Zeka ile destekli not alma web sitesi_Final kodlar/summarize_file.py" "../Uploads/11_Kaydediciler ve SayÄ±cÄ±lar.pdf" 2>&1
Output: Ãœyesi Onur Ã‡AKIRGÃ–Z
onurcakirgoz@bartin.edu.tr

ANAHAT
ï‚—GiriÅŸ
ï‚—Basit Kaydedici (Register)
ï‚—Paralel YÃ¼klemeli Kaydedici (Register)
ï‚—KaydÄ±rma Registerâ€™Ä± (Shift Register)
ï‚—Seri Transfer
ï‚—SayÄ±cÄ±lar (Counters)
ï‚—Ripple (Asenkron) SayÄ±cÄ±
ï‚—Senkron SayÄ±cÄ±
GiriÅŸ
ï‚—Birsaat-giriÅŸli ardÄ±ÅŸÄ±l devre, birgrup flip-flopâ€™tan ve
kombinezonal kapÄ±lardan oluÅŸur . Seri Transfer
ï‚—Veri transferini denetleyecek kontrol Ã¼nitesi ,4bitin tamamÄ±nÄ±
geÃ§mek iÃ§in, shift control sinyali aracÄ±lÄ±ÄŸÄ±yla, dÃ¶rt saat
darbesinden oluÅŸan sabit birsÃ¼re boyunca kaydÄ±rma registerâ€™Ä±nÄ±
etkinleÅŸtirecek ÅŸekilde tasarlanmalÄ±dÄ±r . ï‚—Load= 0olduÄŸunda, registerâ€™Ä±n Ã§Ä±kÄ±ÅŸlarÄ±
ilgili giriÅŸlerine baÄŸlanmÄ±ÅŸ olur.Her
saat kenarÄ± ileDgiriÅŸi registerâ€™Ä±n bir
sonraki durumunu belirler .Ã‡Ä±kÄ±ÅŸÄ±n
deÄŸiÅŸmeden kalmasÄ± iÃ§in DgiriÅŸi
Ã§Ä±kÄ±ÅŸÄ±n mevcut deÄŸerine eÅŸitolmalÄ±dÄ±r .

Command: "C:\Users\hp\AppData\Local\Programs\Python\Python312\python.exe" "C:\xampp\htdocs\23670310036_22670310118_Yapay Zeka ile destekli not alma web sitesi_Final kodlar/summarize_file.py" "../Uploads/08_KodlayÄ±cÄ±lar Demultiplexer ve Multiplexer.pdf" 2>&1
Output: Multiplexerâ€™ler ile Boole FonksiyonlarÄ±nÄ±n 
UygulanmasÄ± -Ã–rnek
ï‚—AÅŸaÄŸÄ±da verilen Boole fonksiyonunu uygun birMultiplexer ile
gerÃ§ekleyin . Multiplexerâ€™ler ile Boole FonksiyonlarÄ±nÄ±n 
UygulanmasÄ± â€“Ã–rnek (Devam)
ï‚—Busoruda Multiplexerâ€™in Ã§alÄ±ÅŸmasÄ±nÄ± birÃ¶rnekle aÃ§Ä±klayacak
olursak ;ABC =110iken 6â€™Ä±ncÄ± verigiriÅŸi seÃ§ilmiÅŸ olurve6â€™Ä±ncÄ±
veri giriÅŸi Ã§Ä±kÄ±ÅŸa aktarÄ±lÄ±r .Yani, FÃ§Ä±kÄ±ÅŸÄ±, Dâ€™nin deÄŸerinden
baÄŸÄ±msÄ±z olarak 1â€™eeÅŸitolur. Multiplexerâ€™ler ile Boole FonksiyonlarÄ±nÄ±n 
UygulanmasÄ± â€“Ã–rnek (Devam)
ï‚—Busoruda Multiplexerâ€™in Ã§alÄ±ÅŸmasÄ±nÄ± birÃ¶rnekle aÃ§Ä±klayacak
olursak ;xy=00iken 0â€™Ä±ncÄ± verigiriÅŸi seÃ§ilmiÅŸ olurve0â€™Ä±ncÄ±
verigiriÅŸi Ã§Ä±kÄ±ÅŸa aktarÄ±lÄ±r .Yani, FÃ§Ä±kÄ±ÅŸÄ± zâ€™ye eÅŸitolur.z=0
iseÃ§Ä±kÄ±ÅŸ 0,z=1iseÃ§Ä±kÄ±ÅŸ 1olur.

Command: "C:\Users\hp\AppData\Local\Programs\Python\Python312\python.exe" "C:\xampp\htdocs\23670310036_22670310118_Yapay Zeka ile destekli not alma web sitesi_Final kodlar/summarize_file.py" "../Uploads/08_KodlayÄ±cÄ±lar Demultiplexer ve Multiplexer.pdf" 2>&1
Output: Multiplexerâ€™ler ile Boole FonksiyonlarÄ±nÄ±n 
UygulanmasÄ± -Ã–rnek
ï‚—AÅŸaÄŸÄ±da verilen Boole fonksiyonunu uygun birMultiplexer ile
gerÃ§ekleyin . Multiplexerâ€™ler ile Boole FonksiyonlarÄ±nÄ±n 
UygulanmasÄ± â€“Ã–rnek (Devam)
ï‚—Busoruda Multiplexerâ€™in Ã§alÄ±ÅŸmasÄ±nÄ± birÃ¶rnekle aÃ§Ä±klayacak
olursak ;ABC =110iken 6â€™Ä±ncÄ± verigiriÅŸi seÃ§ilmiÅŸ olurve6â€™Ä±ncÄ±
veri giriÅŸi Ã§Ä±kÄ±ÅŸa aktarÄ±lÄ±r .Yani, FÃ§Ä±kÄ±ÅŸÄ±, Dâ€™nin deÄŸerinden
baÄŸÄ±msÄ±z olarak 1â€™eeÅŸitolur. Multiplexerâ€™ler ile Boole FonksiyonlarÄ±nÄ±n 
UygulanmasÄ± â€“Ã–rnek (Devam)
ï‚—Busoruda Multiplexerâ€™in Ã§alÄ±ÅŸmasÄ±nÄ± birÃ¶rnekle aÃ§Ä±klayacak
olursak ;xy=00iken 0â€™Ä±ncÄ± verigiriÅŸi seÃ§ilmiÅŸ olurve0â€™Ä±ncÄ±
verigiriÅŸi Ã§Ä±kÄ±ÅŸa aktarÄ±lÄ±r .Yani, FÃ§Ä±kÄ±ÅŸÄ± zâ€™ye eÅŸitolur.z=0
iseÃ§Ä±kÄ±ÅŸ 0,z=1iseÃ§Ä±kÄ±ÅŸ 1olur.

Command: "C:\Users\hp\AppData\Local\Programs\Python\Python312\python.exe" "C:\xampp\htdocs\23670310036_22670310118_Yapay Zeka ile destekli not alma web sitesi_Final kodlar/summarize_file.py" "../Uploads/Yapay Zeka.pdf" 2>&1
Output: Yapay ZekanÄ±n ZorluklarÄ± ve Etik Sorunlar :  
Yapay zekanÄ±n saÄŸladÄ±ÄŸÄ± fÄ±rsatlarÄ±n yanÄ± sÄ±ra, bazÄ± zorluklar ve etik sorunlar 
da bulunmaktadÄ±r:  
â€¢ Gizlilik : YZ sistemleri, bÃ¼yÃ¼k miktarda veri toplar ve bu verilerin 
kÃ¶tÃ¼ye kullanÄ±lmasÄ± risk oluÅŸturur. Yapay ZekanÄ±n FaydalarÄ± :  
Yapay zeka, bireyler ve toplumlar iÃ§in Ã§ok sayÄ±da fayda saÄŸlar:  
â€¢ Verimlilik ve Otomasyon : YZ, tekrarlayan gÃ¶revleri 
otomatikleÅŸtirerek insan gÃ¼cÃ¼nden tasarruf saÄŸlar. Yapay zekanÄ±n geleceÄŸini ÅŸekillendirmek iÃ§in ÅŸu Ã¶neriler Ã¶ne Ã§Ä±kÄ±yor:  
â€¢ EÄŸitim ve FarkÄ±ndalÄ±k : ToplumlarÄ±n YZ okuryazarlÄ±ÄŸÄ±nÄ± artÄ±rmak iÃ§in eÄŸitim 
programlarÄ± geliÅŸtirilmelidir.

Command: "C:\Users\hp\AppData\Local\Programs\Python\Python312\python.exe" "C:\xampp\htdocs\23670310036_22670310118_Yapay Zeka ile destekli not alma web sitesi_Final kodlar/summarize_file.py" "../Uploads/Yapay Zeka.pdf" 2>&1
Output: Yapay ZekanÄ±n ZorluklarÄ± ve Etik Sorunlar :  
Yapay zekanÄ±n saÄŸladÄ±ÄŸÄ± fÄ±rsatlarÄ±n yanÄ± sÄ±ra, bazÄ± zorluklar ve etik sorunlar 
da bulunmaktadÄ±r:  
â€¢ Gizlilik : YZ sistemleri, bÃ¼yÃ¼k miktarda veri toplar ve bu verilerin 
kÃ¶tÃ¼ye kullanÄ±lmasÄ± risk oluÅŸturur. Yapay ZekanÄ±n FaydalarÄ± :  
Yapay zeka, bireyler ve toplumlar iÃ§in Ã§ok sayÄ±da fayda saÄŸlar:  
â€¢ Verimlilik ve Otomasyon : YZ, tekrarlayan gÃ¶revleri 
otomatikleÅŸtirerek insan gÃ¼cÃ¼nden tasarruf saÄŸlar. Yapay zekanÄ±n geleceÄŸini ÅŸekillendirmek iÃ§in ÅŸu Ã¶neriler Ã¶ne Ã§Ä±kÄ±yor:  
â€¢ EÄŸitim ve FarkÄ±ndalÄ±k : ToplumlarÄ±n YZ okuryazarlÄ±ÄŸÄ±nÄ± artÄ±rmak iÃ§in eÄŸitim 
programlarÄ± geliÅŸtirilmelidir.

Command: "C:\Users\hp\AppData\Local\Programs\Python\Python312\python.exe" "C:\xampp\htdocs\23670310036_22670310118_Yapay Zeka ile destekli not alma web sitesi_Final kodlar/summarize_file.py" "../Uploads/Sayisal_Cozumleme_4.pdf" 2>&1
Output: (2-T)
171


Command: "C:\Users\hp\AppData\Local\Programs\Python\Python312\python.exe" "C:\xampp\htdocs\23670310036_22670310118_Yapay Zeka ile destekli not alma web sitesi_Final kodlar/summarize_file.py" "../Uploads/10_DiÄŸer Flip-flop TÃ¼rleri ve Saat GiriÅŸli ArdÄ±ÅŸÄ±l Devrelerin Analizi.pdf" 2>&1
Output: ï‚—Denklemlerdeki (t)
gÃ¶sterimlerini ihmal ederek,
durum denklemlerini daha
kÄ±sa veÃ¶zlÃ¼ birÅŸekilde ifade
edebiliriz :
A(t + 1) = Ax + Bx
B(t + 1) = Aâ€™x
ï‚—yÃ§Ä±kÄ±ÅŸÄ±nÄ±n ÅŸuanki durum
deÄŸeri cebirsel olarak ÅŸÃ¶yle
ifade edilebilir :
y = (A + B)xâ€™

Saat GiriÅŸli ArdÄ±ÅŸÄ±l Devrelerin Analizi â€“
Durum Tablosu
ï‚—GiriÅŸlerin, Ã§Ä±kÄ±ÅŸlarÄ±n veflip-flop durumlarÄ±nÄ±n zaman dizisi durum
tablosuyla aÃ§Ä±klanabilir (listelenebilir) . Ãœyesi Onur Ã‡AKIRGÃ–Z
onurcakirgoz@bartin.edu.tr

ANAHAT
ï‚—Depolama ElemanlarÄ±: Flip -Floplar
ï‚—Kenar Tetiklemeli D Flip -Flop
ï‚—JK Flip -Flobu
ï‚—T (toggle) Flip -Flobu
ï‚—Flip-floplarÄ±n Karakteristik TablolarÄ±
ï‚—Karakteristik Denklemler
ï‚—DoÄŸrudan GiriÅŸler (Direct Inputs)
ï‚—Saat GiriÅŸli ArdÄ±ÅŸÄ±l Devrelerin Analizi
ï‚—Durum Denklemleri
ï‚—Durum Tablosu
ï‚—Durum DiyagramÄ± 
Kenar Tetiklemeli D Flip -Flop
ï‚—Kenar tetiklemeli Dflip-flobun diÄŸer birgerÃ§eklemesi Ã¼Ã§tane Sâ€™Râ€™
mandalÄ± kullanmaktadÄ±r . Saat GiriÅŸli ArdÄ±ÅŸÄ±l Devrelerin Analizi â€“
Durum Denklemleri
ï‚—Flip-flobun DgiriÅŸi bir
sonraki durumun deÄŸerini
belirlediÄŸinden, devre iÃ§in
ÅŸudurum denklemlerini
kolayca yazmak
mÃ¼mkÃ¼ndÃ¼r :
A(t + 1) = A(t)x(t) + B(t)x(t)
B(t + 1) = Aâ€™(t)x(t)
ï‚—Birdurum denklemi ;bir
flip-flop durum geÃ§iÅŸi iÃ§in
koÅŸulu belirten cebirsel bir
ifadedir .

Command: "C:\Users\hp\AppData\Local\Programs\Python\Python312\python.exe" "C:\xampp\htdocs\23670310036_22670310118_Yapay Zeka ile destekli not alma web sitesi_Final kodlar/summarize_file.py" "../Uploads/10_DiÄŸer Flip-flop TÃ¼rleri ve Saat GiriÅŸli ArdÄ±ÅŸÄ±l Devrelerin Analizi.pdf" 2>&1
Output: ï‚—Denklemlerdeki (t)
gÃ¶sterimlerini ihmal ederek,
durum denklemlerini daha
kÄ±sa veÃ¶zlÃ¼ birÅŸekilde ifade
edebiliriz :
A(t + 1) = Ax + Bx
B(t + 1) = Aâ€™x
ï‚—yÃ§Ä±kÄ±ÅŸÄ±nÄ±n ÅŸuanki durum
deÄŸeri cebirsel olarak ÅŸÃ¶yle
ifade edilebilir :
y = (A + B)xâ€™

Saat GiriÅŸli ArdÄ±ÅŸÄ±l Devrelerin Analizi â€“
Durum Tablosu
ï‚—GiriÅŸlerin, Ã§Ä±kÄ±ÅŸlarÄ±n veflip-flop durumlarÄ±nÄ±n zaman dizisi durum
tablosuyla aÃ§Ä±klanabilir (listelenebilir) . Ãœyesi Onur Ã‡AKIRGÃ–Z
onurcakirgoz@bartin.edu.tr

ANAHAT
ï‚—Depolama ElemanlarÄ±: Flip -Floplar
ï‚—Kenar Tetiklemeli D Flip -Flop
ï‚—JK Flip -Flobu
ï‚—T (toggle) Flip -Flobu
ï‚—Flip-floplarÄ±n Karakteristik TablolarÄ±
ï‚—Karakteristik Denklemler
ï‚—DoÄŸrudan GiriÅŸler (Direct Inputs)
ï‚—Saat GiriÅŸli ArdÄ±ÅŸÄ±l Devrelerin Analizi
ï‚—Durum Denklemleri
ï‚—Durum Tablosu
ï‚—Durum DiyagramÄ± 
Kenar Tetiklemeli D Flip -Flop
ï‚—Kenar tetiklemeli Dflip-flobun diÄŸer birgerÃ§eklemesi Ã¼Ã§tane Sâ€™Râ€™
mandalÄ± kullanmaktadÄ±r . Saat GiriÅŸli ArdÄ±ÅŸÄ±l Devrelerin Analizi â€“
Durum Denklemleri
ï‚—Flip-flobun DgiriÅŸi bir
sonraki durumun deÄŸerini
belirlediÄŸinden, devre iÃ§in
ÅŸudurum denklemlerini
kolayca yazmak
mÃ¼mkÃ¼ndÃ¼r :
A(t + 1) = A(t)x(t) + B(t)x(t)
B(t + 1) = Aâ€™(t)x(t)
ï‚—Birdurum denklemi ;bir
flip-flop durum geÃ§iÅŸi iÃ§in
koÅŸulu belirten cebirsel bir
ifadedir .

Command: "C:\Users\hp\AppData\Local\Programs\Python\Python312\python.exe" "C:\xampp\htdocs\23670310036_22670310118_Yapay Zeka ile destekli not alma web sitesi_Final kodlar/summarize_file.py" "../Uploads/Yapay Zeka.pdf" 2>&1
Output: Yapay ZekanÄ±n ZorluklarÄ± ve Etik Sorunlar :  
Yapay zekanÄ±n saÄŸladÄ±ÄŸÄ± fÄ±rsatlarÄ±n yanÄ± sÄ±ra, bazÄ± zorluklar ve etik sorunlar 
da bulunmaktadÄ±r:  
â€¢ Gizlilik : YZ sistemleri, bÃ¼yÃ¼k miktarda veri toplar ve bu verilerin 
kÃ¶tÃ¼ye kullanÄ±lmasÄ± risk oluÅŸturur. Yapay ZekanÄ±n FaydalarÄ± :  
Yapay zeka, bireyler ve toplumlar iÃ§in Ã§ok sayÄ±da fayda saÄŸlar:  
â€¢ Verimlilik ve Otomasyon : YZ, tekrarlayan gÃ¶revleri 
otomatikleÅŸtirerek insan gÃ¼cÃ¼nden tasarruf saÄŸlar. Yapay zekanÄ±n geleceÄŸini ÅŸekillendirmek iÃ§in ÅŸu Ã¶neriler Ã¶ne Ã§Ä±kÄ±yor:  
â€¢ EÄŸitim ve FarkÄ±ndalÄ±k : ToplumlarÄ±n YZ okuryazarlÄ±ÄŸÄ±nÄ± artÄ±rmak iÃ§in eÄŸitim 
programlarÄ± geliÅŸtirilmelidir.

